10:03:50 **** Build of configuration Debug for project STM32746G_Discovery_interrupts ****
make -j4 all 
Building file: C:/Users/CMD/Desktop/interrupts/Src/main.c
Building file: C:/Users/CMD/Desktop/interrupts/Src/stm32f7xx_hal_msp.c
Invoking: MCU GCC Compiler
Invoking: MCU GCC Compiler
C:\Users\CMD\Desktop\interrupts\SW4STM32\STM32746G_Discovery_interrupts\Debug
arm-none-eabi-gcc -mcpu=cortex-m7 -mthumb -mfloat-abi=hard -mfpu=fpv5-sp-d16 -DUSE_HAL_DRIVER -DSTM32F746xx -I"C:/Users/CMD/Desktop/interrupts/Inc" -I../../../../../../../Drivers/CMSIS/Device/ST/STM32F7xx/Include -I../../../../../../../Drivers/STM32F7xx_HAL_Driver/Inc -I../../../../../../../Drivers/BSP/STM32746G-Discovery -I../../../../../../../Drivers/BSP/Components/Common -I../../../../../../../Drivers/BSP/Components/ft5336 -I../../../../../../../Drivers/BSP/Components/ov9655 -I../../../../../../../Drivers/BSP/Components/rk043fn48h -I../../../../../../../Drivers/BSP/Components/n25q128a -I../../../../../../../Drivers/BSP/Components/wm8994 -I../../../../../../../Utilities/Log -I../../../../../../../Utilities/Fonts -I../../../../../../../Utilities/CPU -I../../../../../../../Drivers/CMSIS/Include  -Os -g3 -Wall -fmessage-length=0 -Wno-strict-aliasing -ffunction-sections -c -fmessage-length=0 -MMD -MP -MF"Interrupts/User/main.d" -MT"Interrupts/User/main.o" -o "Interrupts/User/main.o" "C:/Users/CMD/Desktop/interrupts/Src/main.c"
C:\Users\CMD\Desktop\interrupts\SW4STM32\STM32746G_Discovery_interrupts\Debug
arm-none-eabi-gcc -mcpu=cortex-m7 -mthumb -mfloat-abi=hard -mfpu=fpv5-sp-d16 -DUSE_HAL_DRIVER -DSTM32F746xx -I"C:/Users/CMD/Desktop/interrupts/Inc" -I../../../../../../../Drivers/CMSIS/Device/ST/STM32F7xx/Include -I../../../../../../../Drivers/STM32F7xx_HAL_Driver/Inc -I../../../../../../../Drivers/BSP/STM32746G-Discovery -I../../../../../../../Drivers/BSP/Components/Common -I../../../../../../../Drivers/BSP/Components/ft5336 -I../../../../../../../Drivers/BSP/Components/ov9655 -I../../../../../../../Drivers/BSP/Components/rk043fn48h -I../../../../../../../Drivers/BSP/Components/n25q128a -I../../../../../../../Drivers/BSP/Components/wm8994 -I../../../../../../../Utilities/Log -I../../../../../../../Utilities/Fonts -I../../../../../../../Utilities/CPU -I../../../../../../../Drivers/CMSIS/Include  -Os -g3 -Wall -fmessage-length=0 -Wno-strict-aliasing -ffunction-sections -c -fmessage-length=0 -MMD -MP -MF"Interrupts/User/stm32f7xx_hal_msp.d" -MT"Interrupts/User/stm32f7xx_hal_msp.o" -o "Interrupts/User/stm32f7xx_hal_msp.o" "C:/Users/CMD/Desktop/interrupts/Src/stm32f7xx_hal_msp.c"
Building file: C:/Users/CMD/Desktop/interrupts/Src/stm32f7xx_it.c
In file included from C:/Users/CMD/Desktop/interrupts/Src/main.c:39:0:
C:/Users/CMD/Desktop/interrupts/Inc/main.h:43:27: fatal error: stm32f7xx_hal.h: No such file or directory
 #include "stm32f7xx_hal.h"
                           ^
compilation terminated.
make: *** [Interrupts/User/main.o] Error 1
Interrupts/User/subdir.mk:24: recipe for target 'Interrupts/User/main.o' failed
make: *** Waiting for unfinished jobs....
Building file: C:/Users/CMD/Desktop/interrupts/SW4STM32/startup_stm32f746xx.s
C:/Users/CMD/Desktop/interrupts/Src/stm32f7xx_hal_msp.c:50:27: fatal error: stm32f7xx_hal.h: No such file or directory
 #include "stm32f7xx_hal.h"
                           ^
compilation terminated.
Interrupts/User/subdir.mk:32: recipe for target 'Interrupts/User/stm32f7xx_hal_msp.o' failed
make: *** [Interrupts/User/stm32f7xx_hal_msp.o] Error 1
Invoking: MCU GCC Compiler
Invoking: MCU GCC Assembler
C:\Users\CMD\Desktop\interrupts\SW4STM32\STM32746G_Discovery_interrupts\Debug
arm-none-eabi-gcc -mcpu=cortex-m7 -mthumb -mfloat-abi=hard -mfpu=fpv5-sp-d16 -DUSE_HAL_DRIVER -DSTM32F746xx -I"C:/Users/CMD/Desktop/interrupts/Inc" -I../../../../../../../Drivers/CMSIS/Device/ST/STM32F7xx/Include -I../../../../../../../Drivers/STM32F7xx_HAL_Driver/Inc -I../../../../../../../Drivers/BSP/STM32746G-Discovery -I../../../../../../../Drivers/BSP/Components/Common -I../../../../../../../Drivers/BSP/Components/ft5336 -I../../../../../../../Drivers/BSP/Components/ov9655 -I../../../../../../../Drivers/BSP/Components/rk043fn48h -I../../../../../../../Drivers/BSP/Components/n25q128a -I../../../../../../../Drivers/BSP/Components/wm8994 -I../../../../../../../Utilities/Log -I../../../../../../../Utilities/Fonts -I../../../../../../../Utilities/CPU -I../../../../../../../Drivers/CMSIS/Include  -Os -g3 -Wall -fmessage-length=0 -Wno-strict-aliasing -ffunction-sections -c -fmessage-length=0 -MMD -MP -MF"Interrupts/User/stm32f7xx_it.d" -MT"Interrupts/User/stm32f7xx_it.o" -o "Interrupts/User/stm32f7xx_it.o" "C:/Users/CMD/Desktop/interrupts/Src/stm32f7xx_it.c"
C:\Users\CMD\Desktop\interrupts\SW4STM32\STM32746G_Discovery_interrupts\Debug
arm-none-eabi-as -mcpu=cortex-m7 -mthumb -mfloat-abi=hard -mfpu=fpv5-sp-d16 -g -o "Interrupts/SW4STM32/startup_stm32f746xx.o" "C:/Users/CMD/Desktop/interrupts/SW4STM32/startup_stm32f746xx.s"
In file included from C:/Users/CMD/Desktop/interrupts/Src/stm32f7xx_it.c:42:0:
C:/Users/CMD/Desktop/interrupts/Inc/main.h:43:27: fatal error: stm32f7xx_hal.h: No such file or directory
 #include "stm32f7xx_hal.h"
                           ^
compilation terminated.
Interrupts/User/subdir.mk:40: recipe for target 'Interrupts/User/stm32f7xx_it.o' failed
make: *** [Interrupts/User/stm32f7xx_it.o] Error 1
Finished building: C:/Users/CMD/Desktop/interrupts/SW4STM32/startup_stm32f746xx.s
 

10:03:59 Build Finished (took 8s.708ms)

